{
  "RSpec": {
    "coverage": {
      "/Users/pmedaugh/Documents/Turing/lister/app/controllers/filters_controller.rb": [
        1,
        1,
        1,
        1,
        2,
        null,
        null,
        null,
        1,
        1,
        1,
        2,
        null,
        null,
        null,
        1,
        1,
        1,
        2,
        null,
        null,
        null,
        null
      ],
      "/Users/pmedaugh/Documents/Turing/lister/app/controllers/application_controller.rb": [
        1,
        null,
        null,
        1,
        1,
        1,
        null,
        1,
        null,
        null,
        null,
        1,
        4,
        null,
        null
      ],
      "/Users/pmedaugh/Documents/Turing/lister/app/controllers/sessions_controller.rb": [
        1,
        1,
        2,
        2,
        1,
        1,
        null,
        1,
        1,
        null,
        null,
        null
      ],
      "/Users/pmedaugh/Documents/Turing/lister/app/controllers/statuses_controller.rb": [
        1,
        null,
        1,
        1,
        1,
        1,
        1,
        2,
        null,
        null,
        1,
        1,
        1,
        1,
        2,
        null,
        null,
        1,
        1,
        1,
        1,
        2,
        null,
        null,
        null
      ],
      "/Users/pmedaugh/Documents/Turing/lister/app/controllers/tasks_controller.rb": [
        1,
        1,
        2,
        null,
        1,
        2,
        2,
        2,
        1,
        null,
        1,
        1,
        null,
        null,
        null,
        1,
        2,
        null,
        null,
        1,
        2,
        2,
        2,
        1,
        null,
        1,
        1,
        null,
        null,
        null,
        1,
        1,
        1,
        1,
        null,
        null,
        1,
        1,
        4,
        null,
        null
      ],
      "/Users/pmedaugh/Documents/Turing/lister/app/models/list.rb": [
        1,
        1,
        1,
        1,
        null
      ],
      "/Users/pmedaugh/Documents/Turing/lister/app/models/task.rb": [
        1,
        1,
        1,
        null
      ],
      "/Users/pmedaugh/Documents/Turing/lister/app/models/user.rb": [
        1,
        1,
        1,
        null
      ],
      "/Users/pmedaugh/Documents/Turing/lister/app/controllers/users_controller.rb": [
        1,
        1,
        2,
        null,
        null,
        1,
        2,
        2,
        1,
        1,
        1,
        null,
        1,
        null,
        null,
        null,
        1,
        18,
        null,
        null,
        1,
        1,
        2,
        null,
        null
      ],
      "/Users/pmedaugh/Documents/Turing/lister/app/controllers/lists_controller.rb": [
        1,
        1,
        null,
        1,
        2,
        2,
        2,
        1,
        1,
        null,
        1,
        1,
        null,
        null,
        1,
        2,
        null,
        1,
        9,
        9,
        9,
        null,
        null,
        1,
        2,
        null,
        null,
        1,
        2,
        2,
        2,
        1,
        null,
        1,
        1,
        null,
        null,
        null,
        1,
        null,
        null,
        1,
        4,
        4,
        4,
        null,
        null,
        1,
        1,
        1,
        1,
        null,
        null,
        1,
        4,
        null,
        null,
        1,
        1,
        1,
        1,
        1,
        null,
        1,
        1,
        4,
        null,
        null
      ],
      "/Users/pmedaugh/Documents/Turing/lister/app/controllers/static_pages_controller.rb": [
        1,
        1,
        null,
        1,
        null,
        null,
        null
      ]
    },
    "timestamp": 1435559033
  }
}
